<?xml version="1.0" encoding="UTF-8"?>
<!-- Generated by org.testng.reporters.JUnitXMLReporter -->
<testsuite ignored="3" hostname="Sarvgun15" failures="0" tests="1" name="Default test" time="3.757" errors="0" timestamp="2024-07-26T13:40:29 MDT">
  <testcase classname="test.Usertest" name="testUpdateUser" time="3.369"/>
  <testcase classname="test.Usertest" name="testReadUser" time="0.0">
    <ignored/>
  </testcase> <!-- testReadUser -->
  <testcase classname="test.Usertest" name="testCreateUser" time="0.0">
    <ignored/>
  </testcase> <!-- testCreateUser -->
  <testcase classname="test.Usertest" name="testDeleteUser" time="0.0">
    <ignored/>
  </testcase> <!-- testDeleteUser -->
</testsuite> <!-- Default test -->
