<?xml version="1.0" encoding="UTF-8"?>
<testng-results ignored="0" total="1" passed="1" failed="0" skipped="0">
  <reporter-output>
  </reporter-output>
  <suite started-at="2024-07-26T13:40:25 MDT" name="Default suite" finished-at="2024-07-26T13:40:29 MDT" duration-ms="3757">
    <groups>
    </groups>
    <test started-at="2024-07-26T13:40:25 MDT" name="Default test" finished-at="2024-07-26T13:40:29 MDT" duration-ms="3757">
      <class name="test.Usertest">
        <test-method is-config="true" signature="setupData()[pri:0, instance:test.Usertest@766653e6]" started-at="2024-07-26T13:40:25 MDT" name="setupData" finished-at="2024-07-26T13:40:26 MDT" duration-ms="242" status="PASS">
          <reporter-output>
          </reporter-output>
        </test-method> <!-- setupData -->
        <test-method signature="testUpdateUser()[pri:3, instance:test.Usertest@766653e6]" started-at="2024-07-26T13:40:26 MDT" name="testUpdateUser" finished-at="2024-07-26T13:40:29 MDT" duration-ms="3369" status="PASS">
          <reporter-output>
          </reporter-output>
        </test-method> <!-- testUpdateUser -->
      </class> <!-- test.Usertest -->
    </test> <!-- Default test -->
  </suite> <!-- Default suite -->
</testng-results>
